#
# There is insufficient memory for the Java Runtime Environment to continue.
# Native memory allocation (malloc) failed to allocate 32744 bytes for ChunkPool::allocate
# Possible reasons:
#   The system is out of physical RAM or swap space
#   In 32 bit mode, the process size limit was hit
# Possible solutions:
#   Reduce memory load on the system
#   Increase physical memory or swap space
#   Check if swap backing store is full
#   Use 64 bit Java on a 64 bit OS
#   Decrease Java heap size (-Xmx/-Xms)
#   Decrease number of Java threads
#   Decrease Java thread stack sizes (-Xss)
#   Set larger code cache with -XX:ReservedCodeCacheSize=
# This output file may be truncated or incomplete.
#
#  Out of Memory Error (allocation.cpp:273), pid=4512, tid=0x0000000000001834
#
# JRE version: OpenJDK Runtime Environment (8.0_152-b02) (build 1.8.0_152-release-1024-b02)
# Java VM: OpenJDK 64-Bit Server VM (25.152-b02 mixed mode windows-amd64 compressed oops)
# Failed to write core dump. Minidumps are not enabled by default on client versions of Windows
#

---------------  T H R E A D  ---------------

Current thread (0x00000000168a1000):  JavaThread "C2 CompilerThread1" daemon [_thread_in_native, id=6196, stack(0x0000000018000000,0x0000000018100000)]

Stack: [0x0000000018000000,0x0000000018100000]
[error occurred during error reporting (printing stack bounds), id 0xc0000005]

Native frames: (J=compiled Java code, j=interpreted, Vv=VM code, C=native code)


Current CompileTask:
C2: 300630 19760       4       org.gradle.model.internal.type.ModelType::wrap (219 bytes)


---------------  P R O C E S S  ---------------

Java Threads: ( => current thread )
  0x0000000018adc000 JavaThread "Cache worker for file hash cache (C:\Users\Aleksander\AndroidStudioProjects\HelloWorld\.gradle\4.4\fileHashes)" [_thread_blocked, id=12396, stack(0x000000003ed00000,0x000000003ee00000)]
  0x0000000018adf000 JavaThread "Stdin handler" [_thread_blocked, id=11016, stack(0x000000003ec00000,0x000000003ed00000)]
  0x0000000018ae3000 JavaThread "Asynchronous log dispatcher for DefaultDaemonConnection: socket connection from /127.0.0.1:52319 to /127.0.0.1:52475" [_thread_blocked, id=9356, stack(0x000000003eb00000,0x000000003ec00000)]
  0x0000000018ad9000 JavaThread "Daemon worker Thread 2" [_thread_in_vm, id=11956, stack(0x000000003ea00000,0x000000003eb00000)]
  0x0000000018ada800 JavaThread "Cancel handler" [_thread_blocked, id=188, stack(0x000000003e900000,0x000000003ea00000)]
  0x0000000018add800 JavaThread "Handler for socket connection from /127.0.0.1:52319 to /127.0.0.1:52475" [_thread_in_native, id=6904, stack(0x000000003e800000,0x000000003e900000)]
  0x0000000018ae0000 JavaThread "Daemon Thread 2" [_thread_blocked, id=5152, stack(0x000000003e700000,0x000000003e800000)]
  0x000000001b9a9800 JavaThread "Memory manager" [_thread_blocked, id=13264, stack(0x0000000020840000,0x0000000020940000)]
  0x0000000019a79800 JavaThread "File lock request listener" [_thread_in_native, id=8904, stack(0x000000001b350000,0x000000001b450000)]
  0x0000000019889000 JavaThread "Cache worker for file hash cache (C:\Users\Aleksander\.gradle\caches\4.4\fileHashes)" [_thread_blocked, id=5332, stack(0x000000001b250000,0x000000001b350000)]
  0x0000000019814800 JavaThread "Daemon periodic checks" [_thread_blocked, id=8124, stack(0x000000001a750000,0x000000001a850000)]
  0x0000000019832000 JavaThread "Incoming local TCP Connector on port 52319" [_thread_in_native, id=2456, stack(0x000000001a510000,0x000000001a610000)]
  0x0000000018228800 JavaThread "Service Thread" daemon [_thread_blocked, id=3296, stack(0x0000000018600000,0x0000000018700000)]
  0x00000000168a5800 JavaThread "C1 CompilerThread2" daemon [_thread_in_vm, id=13032, stack(0x0000000018100000,0x0000000018200000)]
=>0x00000000168a1000 JavaThread "C2 CompilerThread1" daemon [_thread_in_native, id=6196, stack(0x0000000018000000,0x0000000018100000)]
  0x000000001689d000 JavaThread "C2 CompilerThread0" daemon [_thread_in_native, id=5692, stack(0x0000000017f00000,0x0000000018000000)]
  0x000000001689b800 JavaThread "Attach Listener" daemon [_thread_blocked, id=13216, stack(0x0000000017e00000,0x0000000017f00000)]
  0x000000001689a800 JavaThread "Signal Dispatcher" daemon [_thread_blocked, id=516, stack(0x0000000017d00000,0x0000000017e00000)]
  0x0000000002f2c000 JavaThread "Finalizer" daemon [_thread_blocked, id=4520, stack(0x0000000017b00000,0x0000000017c00000)]
  0x0000000016867000 JavaThread "Reference Handler" daemon [_thread_blocked, id=11764, stack(0x0000000017a00000,0x0000000017b00000)]
  0x0000000002d2e000 JavaThread "main" [_thread_blocked, id=12012, stack(0x0000000002d30000,0x0000000002e30000)]

Other Threads:
  0x0000000016864800 VMThread [stack: 0x0000000017900000,0x0000000017a00000] [id=2340]
  0x0000000018231000 WatcherThread [stack: 0x0000000018700000,0x0000000018800000] [id=10804]

VM state:not at safepoint (normal execution)

VM Mutex/Monitor currently owned by a thread: None

Heap:
 PSYoungGen      total 465920K, used 120050K [0x00000000e0000000, 0x00000000fe300000, 0x0000000100000000)
  eden space 442368K, 25% used [0x00000000e0000000,0x00000000e6dd9ff8,0x00000000fb000000)
  from space 23552K, 32% used [0x00000000fcc00000,0x00000000fd3628e8,0x00000000fe300000)
  to   space 26112K, 0% used [0x00000000fb000000,0x00000000fb000000,0x00000000fc980000)
 ParOldGen       total 206848K, used 65709K [0x00000000a0000000, 0x00000000aca00000, 0x00000000e0000000)
  object space 206848K, 31% used [0x00000000a0000000,0x00000000a402b750,0x00000000aca00000)
 Metaspace       used 98536K, capacity 101782K, committed 102348K, reserved 1138688K
  class space    used 12228K, capacity 12884K, committed 13056K, reserved 1048576K

Card table byte_map: [0x00000000122f0000,0x0000000012600000] byte_map_base: 0x0000000011df0000

Marking Bits: (ParMarkBitMap*) 0x0000000075964970
 Begin Bits: [0x0000000012c00000, 0x0000000014400000)
 End Bits:   [0x0000000014400000, 0x0000000015c00000)

Polling page: 0x0000000001380000

CodeCache: size=245760Kb used=50426Kb max_used=50664Kb free=195333Kb
 bounds [0x0000000002f30000, 0x00000000060f0000, 0x0000000011f30000]
 total_blobs=16518 nmethods=15625 adapters=803
 compilation: enabled

Compilation events (10 events):
Event: 300.560 Thread 0x00000000168a1000 nmethod 19745 0x00000000039f0c90 code [0x00000000039f0ea0, 0x00000000039f1760]
Event: 300.561 Thread 0x00000000168a1000 19756       4       org.gradle.internal.logging.progress.DefaultProgressLoggerFactory$ProgressLoggerImpl::assertNotStarted (63 bytes)
Event: 300.562 Thread 0x00000000168a1000 nmethod 19756 0x0000000003167d90 code [0x0000000003167ee0, 0x0000000003167f78]
Event: 300.567 Thread 0x00000000168a5800 19757       3       org.gradle.model.internal.core.ModelRegistrations::of (10 bytes)
Event: 300.567 Thread 0x00000000168a1000 19760       4       org.gradle.model.internal.type.ModelType::wrap (219 bytes)
Event: 300.568 Thread 0x00000000168a5800 nmethod 19757 0x00000000030c5290 code [0x00000000030c5400, 0x00000000030c56a8]
Event: 300.569 Thread 0x00000000168a5800 19758       3       org.gradle.model.internal.core.ModelRegistrations$Builder::<init> (6 bytes)
Event: 300.570 Thread 0x00000000168a5800 nmethod 19758 0x00000000044370d0 code [0x0000000004437240, 0x0000000004437428]
Event: 300.571 Thread 0x00000000168a5800 19759       3       org.gradle.model.internal.core.ModelRegistrations$Builder::<init> (7 bytes)
Event: 300.571 Thread 0x00000000168a5800 nmethod 19759 0x0000000003500f50 code [0x00000000035010c0, 0x0000000003501248]

GC Heap History (10 events):
Event: 89.479 GC heap before
{Heap before GC invocations=32 (full 4):
 PSYoungGen      total 394240K, used 372736K [0x00000000e0000000, 0x00000000fbc00000, 0x0000000100000000)
  eden space 372736K, 100% used [0x00000000e0000000,0x00000000f6c00000,0x00000000f6c00000)
  from space 21504K, 0% used [0x00000000f6c00000,0x00000000f6c00000,0x00000000f8100000)
  to   space 28672K, 0% used [0x00000000fa000000,0x00000000fa000000,0x00000000fbc00000)
 ParOldGen       total 206848K, used 65685K [0x00000000a0000000, 0x00000000aca00000, 0x00000000e0000000)
  object space 206848K, 31% used [0x00000000a0000000,0x00000000a4025750,0x00000000aca00000)
 Metaspace       used 95965K, capacity 99180K, committed 99916K, reserved 1136640K
  class space    used 12052K, capacity 12739K, committed 12928K, reserved 1048576K
Event: 89.499 GC heap after
Heap after GC invocations=32 (full 4):
 PSYoungGen      total 426496K, used 9605K [0x00000000e0000000, 0x00000000fbb80000, 0x0000000100000000)
  eden space 398336K, 0% used [0x00000000e0000000,0x00000000e0000000,0x00000000f8500000)
  from space 28160K, 34% used [0x00000000fa000000,0x00000000fa961600,0x00000000fbb80000)
  to   space 27648K, 0% used [0x00000000f8500000,0x00000000f8500000,0x00000000fa000000)
 ParOldGen       total 206848K, used 65685K [0x00000000a0000000, 0x00000000aca00000, 0x00000000e0000000)
  object space 206848K, 31% used [0x00000000a0000000,0x00000000a4025750,0x00000000aca00000)
 Metaspace       used 95965K, capacity 99180K, committed 99916K, reserved 1136640K
  class space    used 12052K, capacity 12739K, committed 12928K, reserved 1048576K
}
Event: 91.980 GC heap before
{Heap before GC invocations=33 (full 4):
 PSYoungGen      total 426496K, used 407941K [0x00000000e0000000, 0x00000000fbb80000, 0x0000000100000000)
  eden space 398336K, 100% used [0x00000000e0000000,0x00000000f8500000,0x00000000f8500000)
  from space 28160K, 34% used [0x00000000fa000000,0x00000000fa961600,0x00000000fbb80000)
  to   space 27648K, 0% used [0x00000000f8500000,0x00000000f8500000,0x00000000fa000000)
 ParOldGen       total 206848K, used 65685K [0x00000000a0000000, 0x00000000aca00000, 0x00000000e0000000)
  object space 206848K, 31% used [0x00000000a0000000,0x00000000a4025750,0x00000000aca00000)
 Metaspace       used 96048K, capacity 99244K, committed 99916K, reserved 1136640K
  class space    used 12052K, capacity 12739K, committed 12928K, reserved 1048576K
Event: 91.989 GC heap after
Heap after GC invocations=33 (full 4):
 PSYoungGen      total 425984K, used 3861K [0x00000000e0000000, 0x00000000fd400000, 0x0000000100000000)
  eden space 398336K, 0% used [0x00000000e0000000,0x00000000e0000000,0x00000000f8500000)
  from space 27648K, 13% used [0x00000000f8500000,0x00000000f88c55a0,0x00000000fa000000)
  to   space 27648K, 0% used [0x00000000fb900000,0x00000000fb900000,0x00000000fd400000)
 ParOldGen       total 206848K, used 65693K [0x00000000a0000000, 0x00000000aca00000, 0x00000000e0000000)
  object space 206848K, 31% used [0x00000000a0000000,0x00000000a4027750,0x00000000aca00000)
 Metaspace       used 96048K, capacity 99244K, committed 99916K, reserved 1136640K
  class space    used 12052K, capacity 12739K, committed 12928K, reserved 1048576K
}
Event: 94.112 GC heap before
{Heap before GC invocations=34 (full 4):
 PSYoungGen      total 425984K, used 402197K [0x00000000e0000000, 0x00000000fd400000, 0x0000000100000000)
  eden space 398336K, 100% used [0x00000000e0000000,0x00000000f8500000,0x00000000f8500000)
  from space 27648K, 13% used [0x00000000f8500000,0x00000000f88c55a0,0x00000000fa000000)
  to   space 27648K, 0% used [0x00000000fb900000,0x00000000fb900000,0x00000000fd400000)
 ParOldGen       total 206848K, used 65693K [0x00000000a0000000, 0x00000000aca00000, 0x00000000e0000000)
  object space 206848K, 31% used [0x00000000a0000000,0x00000000a4027750,0x00000000aca00000)
 Metaspace       used 96077K, capacity 99310K, committed 99916K, reserved 1136640K
  class space    used 12052K, capacity 12740K, committed 12928K, reserved 1048576K
Event: 94.121 GC heap after
Heap after GC invocations=34 (full 4):
 PSYoungGen      total 448512K, used 2720K [0x00000000e0000000, 0x00000000fd280000, 0x0000000100000000)
  eden space 422400K, 0% used [0x00000000e0000000,0x00000000e0000000,0x00000000f9c80000)
  from space 26112K, 10% used [0x00000000fb900000,0x00000000fbba8030,0x00000000fd280000)
  to   space 27648K, 0% used [0x00000000f9c80000,0x00000000f9c80000,0x00000000fb780000)
 ParOldGen       total 206848K, used 65693K [0x00000000a0000000, 0x00000000aca00000, 0x00000000e0000000)
  object space 206848K, 31% used [0x00000000a0000000,0x00000000a4027750,0x00000000aca00000)
 Metaspace       used 96077K, capacity 99310K, committed 99916K, reserved 1136640K
  class space    used 12052K, capacity 12740K, committed 12928K, reserved 1048576K
}
Event: 102.893 GC heap before
{Heap before GC invocations=35 (full 4):
 PSYoungGen      total 448512K, used 425120K [0x00000000e0000000, 0x00000000fd280000, 0x0000000100000000)
  eden space 422400K, 100% used [0x00000000e0000000,0x00000000f9c80000,0x00000000f9c80000)
  from space 26112K, 10% used [0x00000000fb900000,0x00000000fbba8030,0x00000000fd280000)
  to   space 27648K, 0% used [0x00000000f9c80000,0x00000000f9c80000,0x00000000fb780000)
 ParOldGen       total 206848K, used 65693K [0x00000000a0000000, 0x00000000aca00000, 0x00000000e0000000)
  object space 206848K, 31% used [0x00000000a0000000,0x00000000a4027750,0x00000000aca00000)
 Metaspace       used 96248K, capacity 99468K, committed 100172K, reserved 1136640K
  class space    used 12054K, capacity 12743K, committed 12928K, reserved 1048576K
Event: 102.901 GC heap after
Heap after GC invocations=35 (full 4):
 PSYoungGen      total 450048K, used 4155K [0x00000000e0000000, 0x00000000fe680000, 0x0000000100000000)
  eden space 422400K, 0% used [0x00000000e0000000,0x00000000e0000000,0x00000000f9c80000)
  from space 27648K, 15% used [0x00000000f9c80000,0x00000000fa08ef70,0x00000000fb780000)
  to   space 27136K, 0% used [0x00000000fcc00000,0x00000000fcc00000,0x00000000fe680000)
 ParOldGen       total 206848K, used 65701K [0x00000000a0000000, 0x00000000aca00000, 0x00000000e0000000)
  object space 206848K, 31% used [0x00000000a0000000,0x00000000a4029750,0x00000000aca00000)
 Metaspace       used 96248K, capacity 99468K, committed 100172K, reserved 1136640K
  class space    used 12054K, capacity 12743K, committed 12928K, reserved 1048576K
}
Event: 105.541 GC heap before
{Heap before GC invocations=36 (full 4):
 PSYoungGen      total 450048K, used 426025K [0x00000000e0000000, 0x00000000fe680000, 0x0000000100000000)
  eden space 422400K, 99% used [0x00000000e0000000,0x00000000f9bfb528,0x00000000f9c80000)
  from space 27648K, 15% used [0x00000000f9c80000,0x00000000fa08ef70,0x00000000fb780000)
  to   space 27136K, 0% used [0x00000000fcc00000,0x00000000fcc00000,0x00000000fe680000)
 ParOldGen       total 206848K, used 65701K [0x00000000a0000000, 0x00000000aca00000, 0x00000000e0000000)
  object space 206848K, 31% used [0x00000000a0000000,0x00000000a4029750,0x00000000aca00000)
 Metaspace       used 96295K, capacity 99486K, committed 100172K, reserved 1136640K
  class space    used 12056K, capacity 12746K, committed 12928K, reserved 1048576K
Event: 105.549 GC heap after
Heap after GC invocations=36 (full 4):
 PSYoungGen      total 465920K, used 7562K [0x00000000e0000000, 0x00000000fe300000, 0x0000000100000000)
  eden space 442368K, 0% used [0x00000000e0000000,0x00000000e0000000,0x00000000fb000000)
  from space 23552K, 32% used [0x00000000fcc00000,0x00000000fd3628e8,0x00000000fe300000)
  to   space 26112K, 0% used [0x00000000fb000000,0x00000000fb000000,0x00000000fc980000)
 ParOldGen       total 206848K, used 65709K [0x00000000a0000000, 0x00000000aca00000, 0x00000000e0000000)
  object space 206848K, 31% used [0x00000000a0000000,0x00000000a402b750,0x00000000aca00000)
 Metaspace       used 96295K, capacity 99486K, committed 100172K, reserved 1136640K
  class space    used 12056K, capacity 12746K, committed 12928K, reserved 1048576K
}

Deoptimization events (10 events):
Event: 300.525 Thread 0x0000000018ad9000 Uncommon trap: reason=bimorphic action=maybe_recompile pc=0x0000000005b80ec4 method=sun.reflect.GeneratedMethodAccessor3.invoke(Ljava/lang/Object;[Ljava/lang/Object;)Ljava/lang/Object; @ 48
Event: 300.527 Thread 0x0000000018ad9000 Uncommon trap: reason=bimorphic action=maybe_recompile pc=0x0000000005b80ec4 method=sun.reflect.GeneratedMethodAccessor3.invoke(Ljava/lang/Object;[Ljava/lang/Object;)Ljava/lang/Object; @ 48
Event: 300.528 Thread 0x0000000018ad9000 Uncommon trap: reason=unstable_if action=reinterpret pc=0x000000000549b828 method=org.gradle.internal.hash.HashCode.equals(Ljava/lang/Object;)Z @ 2
Event: 300.530 Thread 0x0000000018ad9000 Uncommon trap: reason=bimorphic action=maybe_recompile pc=0x0000000005b85d0c method=sun.reflect.GeneratedMethodAccessor4.invoke(Ljava/lang/Object;[Ljava/lang/Object;)Ljava/lang/Object; @ 48
Event: 300.530 Thread 0x0000000018ad9000 Uncommon trap: reason=bimorphic action=maybe_recompile pc=0x0000000005b85d0c method=sun.reflect.GeneratedMethodAccessor4.invoke(Ljava/lang/Object;[Ljava/lang/Object;)Ljava/lang/Object; @ 48
Event: 300.532 Thread 0x0000000018ad9000 Uncommon trap: reason=bimorphic action=maybe_recompile pc=0x0000000005b85d0c method=sun.reflect.GeneratedMethodAccessor4.invoke(Ljava/lang/Object;[Ljava/lang/Object;)Ljava/lang/Object; @ 48
Event: 300.557 Thread 0x0000000018ad9000 Uncommon trap: reason=bimorphic action=maybe_recompile pc=0x0000000005b85d0c method=sun.reflect.GeneratedMethodAccessor4.invoke(Ljava/lang/Object;[Ljava/lang/Object;)Ljava/lang/Object; @ 48
Event: 300.565 Thread 0x0000000018ae3000 Uncommon trap: reason=speculate_class_check action=maybe_recompile pc=0x00000000055b5148 method=java.io.ObjectOutputStream.verifySubclass()V @ 8
Event: 300.565 Thread 0x0000000018ae3000 Uncommon trap: reason=unstable_if action=reinterpret pc=0x0000000004fca400 method=org.gradle.internal.logging.serializer.ProgressStartEventSerializer.write(Lorg/gradle/internal/serialize/Encoder;Lorg/gradle/internal/logging/events/ProgressStartEvent;)V @ 
Event: 300.565 Thread 0x0000000018ad9000 Uncommon trap: reason=class_check action=maybe_recompile pc=0x0000000004682d80 method=com.google.common.cache.LocalCache$LoadingValueReference.loadFuture(Ljava/lang/Object;Lcom/google/common/cache/CacheLoader;)Lcom/google/common/util/concurrent/Listenable

Classes redefined (0 events):
No events

Internal exceptions (10 events):
Event: 99.475 Thread 0x0000000018adc000 Exception <a 'sun/nio/fs/WindowsException'> (0x00000000f6e939a0) thrown at [D:\src\AOSP-openjdk-cygwin\jdk8u\hotspot\src\share\vm\prims\jni.cpp, line 709]
Event: 105.608 Thread 0x000000001ff73800 Exception <a 'java/io/FileNotFoundException'> (0x00000000e03b5348) thrown at [D:\src\AOSP-openjdk-cygwin\jdk8u\hotspot\src\share\vm\prims\jni.cpp, line 709]
Event: 105.685 Thread 0x0000000019a08000 Implicit null exception at 0x0000000003166aac to 0x0000000003166af5
Event: 105.975 Thread 0x00000000195ad000 Implicit null exception at 0x0000000003aefc20 to 0x0000000003aefe32
Event: 105.976 Thread 0x00000000195ad000 Exception <a 'java/lang/NoSuchMethodError': <clinit>> (0x00000000e6152558) thrown at [D:\src\AOSP-openjdk-cygwin\jdk8u\hotspot\src\share\vm\prims\jni.cpp, line 1613]
Event: 105.976 Thread 0x00000000195ad000 Exception <a 'java/lang/NoSuchMethodError': <clinit>> (0x00000000e6153888) thrown at [D:\src\AOSP-openjdk-cygwin\jdk8u\hotspot\src\share\vm\prims\jni.cpp, line 1613]
Event: 105.976 Thread 0x00000000195ad000 Exception <a 'java/lang/NoSuchMethodError': <clinit>> (0x00000000e615da20) thrown at [D:\src\AOSP-openjdk-cygwin\jdk8u\hotspot\src\share\vm\prims\jni.cpp, line 1613]
Event: 105.977 Thread 0x00000000195ad000 Exception <a 'java/lang/NoSuchMethodError': <clinit>> (0x00000000e6167150) thrown at [D:\src\AOSP-openjdk-cygwin\jdk8u\hotspot\src\share\vm\prims\jni.cpp, line 1613]
Event: 105.977 Thread 0x00000000195ad000 Exception <a 'java/lang/NoSuchMethodError': <clinit>> (0x00000000e61690c0) thrown at [D:\src\AOSP-openjdk-cygwin\jdk8u\hotspot\src\share\vm\prims\jni.cpp, line 1613]
Event: 105.984 Thread 0x00000000195ae000 Exception <a 'java/lang/NoSuchMethodError': <clinit>> (0x00000000e6423920) thrown at [D:\src\AOSP-openjdk-cygwin\jdk8u\hotspot\src\share\vm\prims\jni.cpp, line 1613]

Events (10 events):
Event: 300.568 Thread 0x00000000168a5800 flushing nmethod 0x0000000004667d50
Event: 300.568 Thread 0x00000000168a5800 flushing nmethod 0x0000000004696ed0
Event: 300.570 Thread 0x00000000168a5800 flushing nmethod 0x00000000048e0150
Event: 300.570 Thread 0x00000000168a5800 flushing nmethod 0x00000000048f8e90
Event: 300.570 Thread 0x00000000168a5800 flushing nmethod 0x0000000004957610
Event: 300.570 Thread 0x00000000168a5800 flushing nmethod 0x0000000004976a90
Event: 300.570 Thread 0x00000000168a5800 flushing nmethod 0x00000000049ef550
Event: 300.571 Thread 0x00000000168a5800 flushing nmethod 0x0000000004ae4f50
Event: 300.571 Thread 0x00000000168a5800 flushing nmethod 0x0000000004af9b90
Event: 300.571 Thread 0x00000000168a5800 flushing nmethod 0x0000000004b04850


Dynamic libraries:
0x00007ff66c1e0000 - 0x00007ff66c211000 	C:\Program Files\Android\Android Studio\jre\bin\java.exe
0x00007ff9a4170000 - 0x00007ff9a4351000 	C:\WINDOWS\SYSTEM32\ntdll.dll
0x00007ff9a2610000 - 0x00007ff9a26c2000 	C:\WINDOWS\System32\KERNEL32.DLL
0x00007ff9a1110000 - 0x00007ff9a1383000 	C:\WINDOWS\System32\KERNELBASE.dll
0x00007ff9a3be0000 - 0x00007ff9a3c81000 	C:\WINDOWS\System32\ADVAPI32.dll
0x00007ff9a1b80000 - 0x00007ff9a1c1e000 	C:\WINDOWS\System32\msvcrt.dll
0x00007ff9a3b80000 - 0x00007ff9a3bdb000 	C:\WINDOWS\System32\sechost.dll
0x00007ff9a2370000 - 0x00007ff9a2494000 	C:\WINDOWS\System32\RPCRT4.dll
0x00007ff9a1700000 - 0x00007ff9a1890000 	C:\WINDOWS\System32\USER32.dll
0x00007ff9a06f0000 - 0x00007ff9a0710000 	C:\WINDOWS\System32\win32u.dll
0x00007ff9a1af0000 - 0x00007ff9a1b18000 	C:\WINDOWS\System32\GDI32.dll
0x00007ff9a0f70000 - 0x00007ff9a1102000 	C:\WINDOWS\System32\gdi32full.dll
0x00007ff9a0650000 - 0x00007ff9a06ef000 	C:\WINDOWS\System32\msvcp_win.dll
0x00007ff9a0e70000 - 0x00007ff9a0f6a000 	C:\WINDOWS\System32\ucrtbase.dll
0x00007ff993ce0000 - 0x00007ff993f49000 	C:\WINDOWS\WinSxS\amd64_microsoft.windows.common-controls_6595b64144ccf1df_6.0.17134.112_none_fb3f961b30681c12\COMCTL32.dll
0x00007ff9a1c20000 - 0x00007ff9a1f43000 	C:\WINDOWS\System32\combase.dll
0x00007ff9a1390000 - 0x00007ff9a140a000 	C:\WINDOWS\System32\bcryptPrimitives.dll
0x00007ff9a16d0000 - 0x00007ff9a16fd000 	C:\WINDOWS\System32\IMM32.DLL
0x00007ff99f410000 - 0x00007ff99f446000 	C:\WINDOWS\system32\DriverStore\FileRepository\nvaci.inf_amd64_f658c3ebd2a88192\nvinitx.dll
0x00007ff99f3d0000 - 0x00007ff99f3da000 	C:\WINDOWS\SYSTEM32\VERSION.dll
0x00007ff9a2740000 - 0x00007ff9a3b80000 	C:\WINDOWS\System32\Shell32.dll
0x00007ff9a0710000 - 0x00007ff9a0759000 	C:\WINDOWS\System32\cfgmgr32.dll
0x00007ff9a1890000 - 0x00007ff9a1939000 	C:\WINDOWS\System32\shcore.dll
0x00007ff9a0760000 - 0x00007ff9a0e6d000 	C:\WINDOWS\System32\windows.storage.dll
0x00007ff9a24a0000 - 0x00007ff9a24f1000 	C:\WINDOWS\System32\shlwapi.dll
0x00007ff9a04a0000 - 0x00007ff9a04b1000 	C:\WINDOWS\System32\kernel.appcore.dll
0x00007ff9a04c0000 - 0x00007ff9a04df000 	C:\WINDOWS\System32\profapi.dll
0x00007ff9a04f0000 - 0x00007ff9a053c000 	C:\WINDOWS\System32\powrprof.dll
0x00007ff9a04e0000 - 0x00007ff9a04ea000 	C:\WINDOWS\System32\FLTLIB.DLL
0x0000000075b80000 - 0x0000000075b86000 	C:\Program Files\NVIDIA Corporation\CoProcManager\_etoured.dll
0x00007ff99a7f0000 - 0x00007ff99a833000 	C:\Program Files\NVIDIA Corporation\CoProcManager\nvd3d9wrapx.dll
0x00007ff9a3c90000 - 0x00007ff9a40db000 	C:\WINDOWS\System32\SETUPAPI.dll
0x00007ff99c7e0000 - 0x00007ff99c80d000 	C:\Program Files\NVIDIA Corporation\CoProcManager\nvdxgiwrapx.dll
0x0000000074fc0000 - 0x0000000075092000 	C:\Program Files\Android\Android Studio\jre\jre\bin\msvcr100.dll
0x00000000751a0000 - 0x00000000759df000 	C:\Program Files\Android\Android Studio\jre\jre\bin\server\jvm.dll
0x00007ff9a2350000 - 0x00007ff9a2358000 	C:\WINDOWS\System32\PSAPI.DLL
0x00007ff99a6a0000 - 0x00007ff99a6c3000 	C:\WINDOWS\SYSTEM32\WINMM.dll
0x00007ff99e4b0000 - 0x00007ff99e4b9000 	C:\WINDOWS\SYSTEM32\WSOCK32.dll
0x00007ff9a26d0000 - 0x00007ff9a273c000 	C:\WINDOWS\System32\WS2_32.dll
0x00007ff99a670000 - 0x00007ff99a69a000 	C:\WINDOWS\SYSTEM32\WINMMBASE.dll
0x00007ff9930f0000 - 0x00007ff9930ff000 	C:\Program Files\Android\Android Studio\jre\jre\bin\verify.dll
0x00007ff991370000 - 0x00007ff991399000 	C:\Program Files\Android\Android Studio\jre\jre\bin\java.dll
0x00007ff992160000 - 0x00007ff992176000 	C:\Program Files\Android\Android Studio\jre\jre\bin\zip.dll
0x00007ff991240000 - 0x00007ff99125a000 	C:\Program Files\Android\Android Studio\jre\jre\bin\net.dll
0x00007ff99fd00000 - 0x00007ff99fd66000 	C:\WINDOWS\system32\mswsock.dll
0x00007ff98db90000 - 0x00007ff98dba1000 	C:\Program Files\Android\Android Studio\jre\jre\bin\nio.dll
0x00007ff993580000 - 0x00007ff99359e000 	C:\Users\Aleksander\.gradle\native\25\windows-amd64\native-platform.dll
0x00007ff992e90000 - 0x00007ff992e9d000 	C:\Program Files\Android\Android Studio\jre\jre\bin\management.dll
0x00007ff99feb0000 - 0x00007ff99fec7000 	C:\WINDOWS\SYSTEM32\CRYPTSP.dll
0x00007ff99f8e0000 - 0x00007ff99f913000 	C:\WINDOWS\system32\rsaenh.dll
0x00007ff99ffe0000 - 0x00007ff9a0005000 	C:\WINDOWS\SYSTEM32\bcrypt.dll
0x00007ff9a03b0000 - 0x00007ff9a03d8000 	C:\WINDOWS\SYSTEM32\USERENV.dll
0x00007ff99fed0000 - 0x00007ff99fedb000 	C:\WINDOWS\SYSTEM32\CRYPTBASE.dll
0x00007ff99fa80000 - 0x00007ff99fab8000 	C:\WINDOWS\SYSTEM32\IPHLPAPI.DLL
0x00007ff9a1ae0000 - 0x00007ff9a1ae8000 	C:\WINDOWS\System32\NSI.dll
0x00007ff99af10000 - 0x00007ff99af26000 	C:\WINDOWS\SYSTEM32\dhcpcsvc6.DLL
0x00007ff99b1a0000 - 0x00007ff99b1ba000 	C:\WINDOWS\SYSTEM32\dhcpcsvc.DLL
0x00007ff9863f0000 - 0x00007ff986414000 	C:\Program Files\Android\Android Studio\jre\jre\bin\sunec.dll
0x00007ff99fac0000 - 0x00007ff99fb7e000 	C:\WINDOWS\SYSTEM32\DNSAPI.dll
0x00007ff993160000 - 0x00007ff99316a000 	C:\Windows\System32\rasadhlp.dll
0x00007ff993490000 - 0x00007ff993502000 	C:\WINDOWS\System32\fwpuclnt.dll
0x00007ff991580000 - 0x00007ff99158b000 	C:\Program Files\Android\Android Studio\jre\jre\bin\sunmscapi.dll
0x00007ff9a1410000 - 0x00007ff9a15f2000 	C:\WINDOWS\System32\CRYPT32.dll
0x00007ff9a0480000 - 0x00007ff9a0492000 	C:\WINDOWS\System32\MSASN1.dll
0x00007ff99cf90000 - 0x00007ff99cfa6000 	C:\WINDOWS\system32\napinsp.dll
0x00007ff99cd10000 - 0x00007ff99cd2a000 	C:\WINDOWS\system32\pnrpnsp.dll
0x00007ff99deb0000 - 0x00007ff99dec9000 	C:\WINDOWS\system32\NLAapi.dll
0x00007ff99cd00000 - 0x00007ff99cd0e000 	C:\WINDOWS\System32\winrnr.dll

VM Arguments:
jvm_args: -Xmx1536m -Dfile.encoding=windows-1251 -Duser.country=RU -Duser.language=ru -Duser.variant 
java_command: org.gradle.launcher.daemon.bootstrap.GradleDaemon 4.4
java_class_path (initial): C:\Users\Aleksander\.gradle\wrapper\dists\gradle-4.4-all\9br9xq1tocpiv8o6njlyu5op1\gradle-4.4\lib\gradle-launcher-4.4.jar
Launcher Type: SUN_STANDARD

Environment Variables:
PATH=C:\Program Files (x86)\Common Files\Oracle\Java\javapath;C:\WINDOWS\system32;C:\WINDOWS;C:\WINDOWS\System32\Wbem;C:\WINDOWS\System32\WindowsPowerShell\v1.0\;C:\Program Files (x86)\NVIDIA Corporation\PhysX\Common;C:\WINDOWS\system32;C:\WINDOWS;C:\WINDOWS\System32\Wbem;C:\WINDOWS\System32\WindowsPowerShell\v1.0\;C:\WINDOWS\System32\OpenSSH\;C:\Users\Aleksander\AppData\Local\Microsoft\WindowsApps;
USERNAME=Aleksander
OS=Windows_NT
PROCESSOR_IDENTIFIER=Intel64 Family 6 Model 42 Stepping 7, GenuineIntel



---------------  S Y S T E M  ---------------

OS: Windows 10.0 , 64 bit Build 17134 (10.0.17134.1)

CPU:total 4 (initial active 4) (2 cores per cpu, 2 threads per core) family 6 model 42 stepping 7, cmov, cx8, fxsr, mmx, sse, sse2, sse3, ssse3, sse4.1, sse4.2, popcnt, avx, aes, clmul, ht, tsc, tscinvbit

Memory: 4k page, physical 8236908k(2127568k free), swap 8236908k(3508k free)

vm_info: OpenJDK 64-Bit Server VM (25.152-b02) for windows-amd64 JRE (1.8.0_152-release-1024-b02), built by "builder" with MS VC++ 10.0 (VS2010)

time: Wed Jun 20 21:10:56 2018
elapsed time: 300 seconds (0d 0h 5m 0s)

